

Processing SiteController#index (for 127.0.0.1 at 2009-03-02 23:56:24) [GET]
  Session ID: 65cc452247ea74f986beccdddc991f05
  Parameters: {"action"=>"index", "controller"=>"Site"}
Rendering site/index
Completed in 0.01179 (84 reqs/sec) | Rendering: 0.00412 (34%) | DB: 0.00000 (0%) | 200 OK [http://127.0.0.1/]


Processing SiteController#index (for 127.0.0.1 at 2009-03-03 00:31:23) [GET]
  Session ID: BAh7BiIKZmxhc2hJQzonQWN0aW9uQ29udHJvbGxlcjo6Rmxhc2g6OkZsYXNo
SGFzaHsABjoKQHVzZWR7AA==--833baab73ea02b1db29a61cecf1a1a1289b39c95
  Parameters: {"action"=>"index", "controller"=>"Site"}
Rendering template within layouts/application
Rendering site/index
Completed in 0.02589 (38 reqs/sec) | Rendering: 0.01742 (67%) | DB: 0.00000 (0%) | 200 OK [http://127.0.0.1/]
  [4;36;1mSQL (0.001119)[0m   [0;1m SELECT name
 FROM sqlite_master
 WHERE type = 'table' AND NOT name = 'sqlite_sequence'
[0m
  [4;35;1mSQL (0.000857)[0m   [0mselect sqlite_version(*)[0m
  [4;36;1mSQL (0.037197)[0m   [0;1mCREATE TABLE "schema_migrations" ("version" varchar(255) NOT NULL) [0m
  [4;35;1mSQL (0.029508)[0m   [0mCREATE UNIQUE INDEX "unique_schema_migrations" ON "schema_migrations" ("version")[0m
  [4;36;1mSQL (0.000978)[0m   [0;1m SELECT name
 FROM sqlite_master
 WHERE type = 'table' AND NOT name = 'sqlite_sequence'
[0m
  [4;35;1mSQL (0.000564)[0m   [0mSELECT version FROM schema_migrations[0m
  [4;36;1mSQL (0.000495)[0m   [0;1mSELECT version FROM schema_migrations[0m
Migrating to CreateIdentities (20090302214814)
  [4;35;1mSQL (0.000460)[0m   [0mSELECT version FROM schema_migrations[0m
  [4;36;1mSQL (0.036198)[0m   [0;1mCREATE TABLE "identities" ("id" INTEGER PRIMARY KEY AUTOINCREMENT NOT NULL, "name" varchar(255) DEFAULT NULL NULL, "created_at" datetime DEFAULT NULL NULL, "updated_at" datetime DEFAULT NULL NULL) [0m
  [4;35;1mSQL (0.027110)[0m   [0mINSERT INTO schema_migrations (version) VALUES ('20090302214814')[0m
Migrating to CreateUsers (20090302220257)
  [4;36;1mSQL (0.001291)[0m   [0;1mSELECT version FROM schema_migrations[0m
  [4;35;1mSQL (0.031767)[0m   [0mCREATE TABLE "users" ("id" INTEGER PRIMARY KEY AUTOINCREMENT NOT NULL, "username" varchar(255) DEFAULT NULL NULL, "identity_id" integer DEFAULT NULL NULL, "password" varchar(255) DEFAULT NULL NULL, "can_admin" boolean DEFAULT NULL NULL, "can_post" boolean DEFAULT NULL NULL, "can_login" boolean DEFAULT NULL NULL, "created_at" datetime DEFAULT NULL NULL, "updated_at" datetime DEFAULT NULL NULL) [0m
  [4;36;1mSQL (0.030835)[0m   [0;1mINSERT INTO schema_migrations (version) VALUES ('20090302220257')[0m
  [4;35;1mSQL (0.004088)[0m   [0mSELECT version FROM schema_migrations[0m
  [4;36;1mSQL (0.003236)[0m   [0;1m SELECT name
 FROM sqlite_master
 WHERE type = 'table' AND NOT name = 'sqlite_sequence'
[0m
  [4;35;1mSQL (0.000502)[0m   [0mPRAGMA index_list("identities")[0m
  [4;36;1mSQL (0.000526)[0m   [0;1mPRAGMA index_list("users")[0m
  [4;36;1mIdentity Create (0.001889)[0m   [0;1mINSERT INTO "identities" ("name", "created_at", "updated_at") VALUES(NULL, '2009-03-02 22:09:24', '2009-03-02 22:09:24')[0m
  [4;35;1mUser Create (0.001626)[0m   [0mINSERT INTO "users" ("created_at", "updated_at", "username", "can_admin", "can_post", "can_login", "password", "identity_id") VALUES('2009-03-02 22:09:24', '2009-03-02 22:09:24', NULL, NULL, NULL, NULL, NULL, 1)[0m
  [4;36;1mIdentity Destroy (0.001408)[0m   [0;1m DELETE FROM "identities"
 WHERE "id" = 1
[0m
  [4;35;1mUser Load (0.002794)[0m   [0mSELECT * FROM "users" [0m
  [4;36;1mUser Load (0.003822)[0m   [0;1mSELECT * FROM "users" [0m
  [4;35;1mUser Destroy (0.001710)[0m   [0m DELETE FROM "users"
 WHERE "id" = 1
[0m
  [4;36;1mUser Load (0.001211)[0m   [0;1mSELECT * FROM "users" [0m


Processing SiteController#index (for 127.0.0.1 at 2009-03-03 01:11:20) [GET]
  Session ID: BAh7BiIKZmxhc2hJQzonQWN0aW9uQ29udHJvbGxlcjo6Rmxhc2g6OkZsYXNo
SGFzaHsABjoKQHVzZWR7AA==--833baab73ea02b1db29a61cecf1a1a1289b39c95
  Parameters: {"action"=>"index", "controller"=>"Site"}
Rendering template within layouts/application
Rendering site/index
Completed in 0.01418 (70 reqs/sec) | Rendering: 0.00589 (41%) | DB: 0.00000 (0%) | 200 OK [http://127.0.0.1/]
